D:\FACEDATA\HANDGUSTURE\X64\RELEASE\MAIN.OBJ
D:\FACEDATA\HANDGUSTURE\X64\RELEASE\HANGGUSTURECONTROL.OBJ
D:\FACEDATA\HANDGUSTURE\X64\RELEASE\MOC_HANGGUSTURECONTROL.OBJ
D:\FACEDATA\HANDGUSTURE\X64\RELEASE\QRC_HANDGUSTURE.OBJ
D:\FACEDATA\HANDGUSTURE\X64\RELEASE\VC110.PDB
D:\FACEDATA\HANDGUSTURE\GENERATEDFILES\UI_HANGGUSTURECONTROL.H
D:\FACEDATA\HANDGUSTURE\GENERATEDFILES\RELEASE\MOC_HANGGUSTURECONTROL.CPP
D:\FACEDATA\HANDGUSTURE\GENERATEDFILES\QRC_HANDGUSTURE.CPP
D:\FACEDATA\HANDGUSTURE\X64\RELEASE\SDU.RES
D:\facedata\HandGusture\x64\Release\hanggusturecontrol.obj
D:\facedata\HandGusture\x64\Release\main.obj
D:\facedata\HandGusture\x64\Release\moc_hanggusturecontrol.obj
D:\facedata\HandGusture\x64\Release\qrc_HandGusture.obj
D:\facedata\HandGusture\x64\Release\cl.command.1.tlog
D:\facedata\HandGusture\x64\Release\CL.read.1.tlog
D:\facedata\HandGusture\x64\Release\CL.write.1.tlog
D:\facedata\HandGusture\x64\Release\custombuild.command.1.tlog
D:\facedata\HandGusture\x64\Release\custombuild.read.1.tlog
D:\facedata\HandGusture\x64\Release\custombuild.write.1.tlog
D:\facedata\HandGusture\x64\Release\link-cvtres.read.1.tlog
D:\facedata\HandGusture\x64\Release\link-cvtres.write.1.tlog
D:\facedata\HandGusture\x64\Release\link-rc.read.1.tlog
D:\facedata\HandGusture\x64\Release\link-rc.write.1.tlog
D:\facedata\HandGusture\x64\Release\link.command.1.tlog
D:\facedata\HandGusture\x64\Release\link.read.1.tlog
D:\facedata\HandGusture\x64\Release\link.write.1.tlog
D:\facedata\HandGusture\x64\Release\rc.command.1.tlog
D:\facedata\HandGusture\x64\Release\rc.read.1.tlog
D:\facedata\HandGusture\x64\Release\rc.write.1.tlog
D:\facedata\HandGusture\x64\Release\sdu.res
D:\facedata\HandGusture\x64\Release\HandGusture.exe
