生成启动时间为 2015/9/4 13:50:01。
     1>项目“D:\facedata\HandGusture\HandGusture.vcxproj”在节点 2 上(Build 个目标)。
     1>CustomBuild:
         Moc'ing hanggusturecontrol.h...
       ClCompile:
         D:\Program Files (x86)\Microsoft Visual Studio 11.0\VC\bin\x86_amd64\CL.exe /c /I..\..\OpenCV\opencv\build\include /I..\..\OpenCV\opencv\build\include\opencv /I..\..\OpenCV\opencv\build\include\opencv2 /I..\..\Qt\Qt5.2.1\5.2.1\msvc2012_64\include /I..\..\Qt\Qt5.2.1\5.2.1\msvc2012_64\include\QtWidgets /I..\..\Qt\Qt5.2.1\5.2.1\msvc2012_64\include\QtGui /I..\..\Qt\Qt5.2.1\5.2.1\msvc2012_64\include\QtANGLE /I..\..\Qt\Qt5.2.1\5.2.1\msvc2012_64\include\QtCore /Irelease /I. /I"..\..\Qt\Qt5.2.1\5.2.1\msvc2012_64\mkspecs\win32-msvc2012" /I.\GeneratedFiles /nologo /W3 /WX- /O2 /D _WINDOWS /D NDEBUG /D QT_CORE_LIB /D QT_GUI_LIB /D QT_NO_DEBUG /D QT_OPENGL_ES_2 /D QT_OPENGL_ES_2_ANGLE /D QT_WIDGETS_LIB /D UNICODE /D UNICODE /D WIN32 /D WIN32 /D WIN64 /Gm- /EHsc /MD /GS /fp:precise /Zc:wchar_t /Zc:forScope /GR /Fo"x64\Release\\" /Fd"x64\Release\vc110.pdb" /Gd /TP /errorReport:prompt -Zm200 -w34100 -w34189 GeneratedFiles\qrc_HandGusture.cpp
         qrc_HandGusture.cpp
         D:\Program Files (x86)\Microsoft Visual Studio 11.0\VC\bin\x86_amd64\CL.exe /c /I..\..\OpenCV\opencv\build\include /I..\..\OpenCV\opencv\build\include\opencv /I..\..\OpenCV\opencv\build\include\opencv2 /I..\..\Qt\Qt5.2.1\5.2.1\msvc2012_64\include /I..\..\Qt\Qt5.2.1\5.2.1\msvc2012_64\include\QtWidgets /I..\..\Qt\Qt5.2.1\5.2.1\msvc2012_64\include\QtGui /I..\..\Qt\Qt5.2.1\5.2.1\msvc2012_64\include\QtANGLE /I..\..\Qt\Qt5.2.1\5.2.1\msvc2012_64\include\QtCore /Irelease /I. /I"..\..\Qt\Qt5.2.1\5.2.1\msvc2012_64\mkspecs\win32-msvc2012" /I.\GeneratedFiles /nologo /W3 /WX- /O2 /D _WINDOWS /D NDEBUG /D QT_CORE_LIB /D QT_GUI_LIB /D QT_NO_DEBUG /D QT_OPENGL_ES_2 /D QT_OPENGL_ES_2_ANGLE /D QT_WIDGETS_LIB /D UNICODE /D UNICODE /D WIN32 /D WIN32 /D WIN64 /Gm- /EHsc /MD /GS /fp:precise /Zc:wchar_t /Zc:forScope /GR /Fo"x64\Release\\" /Fd"x64\Release\vc110.pdb" /Gd /TP /errorReport:prompt -Zm200 -w34100 -w34189 GeneratedFiles\Release\moc_hanggusturecontrol.cpp src\hanggusturecontrol.cpp src\main.cpp
         moc_hanggusturecontrol.cpp
         hanggusturecontrol.cpp
     1>src\hanggusturecontrol.cpp : warning C4819: 该文件包含不能在当前代码页(936)中表示的字符。请将该文件保存为 Unicode 格式以防止数据丢失
     1>src\hanggusturecontrol.cpp(152): warning C4100: “value”: 未引用的形参
     1>src\hanggusturecontrol.cpp(474): warning C4267: “=”: 从“size_t”转换到“int”，可能丢失数据
         main.cpp
         正在生成代码...
       Link:
         D:\Program Files (x86)\Microsoft Visual Studio 11.0\VC\bin\x86_amd64\link.exe /ERRORREPORT:PROMPT /OUT:"D:\facedata\HandGusture\x64\Release\\HandGusture.exe" /INCREMENTAL:NO /NOLOGO /LIBPATH:D:\Qt\Qt5.2.1\5.2.1\msvc2012_64\lib /LIBPATH:D:\Qt\Qt5.2.1\5.2.1\msvc2012_64\lib qtmain.lib D:\Qt\Qt5.2.1\5.2.1\msvc2012_64\lib\Qt5Widgets.lib D:\Qt\Qt5.2.1\5.2.1\msvc2012_64\lib\Qt5Gui.lib D:\Qt\Qt5.2.1\5.2.1\msvc2012_64\lib\Qt5Core.lib libEGL.lib libGLESv2.lib gdi32.lib user32.lib opencv_ml246.lib opencv_calib3d246.lib opencv_contrib246.lib opencv_core246.lib opencv_features2d246.lib opencv_flann246.lib opencv_gpu246.lib opencv_highgui246.lib opencv_imgproc246.lib opencv_legacy246.lib opencv_objdetect246.lib opencv_ts246.lib opencv_video246.lib opencv_nonfree246.lib opencv_ocl246.lib opencv_photo246.lib opencv_stitching246.lib opencv_superres246.lib opencv_videostab246.lib kernel32.lib user32.lib gdi32.lib winspool.lib comdlg32.lib advapi32.lib shell32.lib ole32.lib oleaut32.lib uuid.lib odbc32.lib odbccp32.lib /MANIFEST /MANIFESTUAC:"level='asInvoker' uiAccess='false'" /manifest:embed /PDB:"D:\facedata\HandGusture\x64\Release\HandGusture.pdb" /SUBSYSTEM:WINDOWS /TLBID:1 /DYNAMICBASE /NXCOMPAT /MACHINE:X64 "/MANIFESTDEPENDENCY:type='win32' name='Microsoft.Windows.Common-Controls' version='6.0.0.0' publicKeyToken='6595b64144ccf1df' language='*' processorArchitecture='*'"  /SUBSYSTEM:WINDOWS x64\Release\sdu.res
         x64\Release\qrc_HandGusture.obj
         x64\Release\moc_hanggusturecontrol.obj
         x64\Release\hanggusturecontrol.obj
         x64\Release\main.obj
         HandGusture.vcxproj -> D:\facedata\HandGusture\x64\Release\HandGusture.exe
     1>已完成生成项目“D:\facedata\HandGusture\HandGusture.vcxproj”(Build 个目标)的操作。

生成成功。

已用时间 00:00:05.06
